build/app/intermediates/manifest_merge_blame_file/debug/manifest-merger-blame-debug-report.txt
1<?xml version="1.0" encoding="utf-8"?>
2<manifest xmlns:android="http://schemas.android.com/apk/res/android"
3    package="com.ryanheise.audioserviceexample"
4    android:versionCode="1"
5    android:versionName="1.0" >
6
7    <uses-sdk
8        android:minSdkVersion="21"
9        android:targetSdkVersion="31" />
10    <!--
11         Flutter needs it to communicate with the running application
12         to allow setting breakpoints, to provide hot reload, etc.
13    -->
14    <uses-permission android:name="android.permission.INTERNET" />
14-->src/main/AndroidManifest.xml:5:5-66
14-->src/main/AndroidManifest.xml:5:22-64
15    <uses-permission android:name="android.permission.WAKE_LOCK" />
15-->src/main/AndroidManifest.xml:6:5-67
15-->src/main/AndroidManifest.xml:6:22-65
16    <uses-permission android:name="android.permission.FOREGROUND_SERVICE" />
16-->src/main/AndroidManifest.xml:7:5-76
16-->src/main/AndroidManifest.xml:7:22-74
17
18    <queries>
18-->[:flutter_tts] AndroidManifest.xml:7:5-11:15
19        <intent>
19-->[:flutter_tts] AndroidManifest.xml:8:9-10:18
20            <action android:name="android.intent.action.TTS_SERVICE" />
20-->[:flutter_tts] AndroidManifest.xml:9:13-72
20-->[:flutter_tts] AndroidManifest.xml:9:21-69
21        </intent>
22        <intent>
22-->[androidx.media2:media2-session:1.1.3] AndroidManifest.xml:25:9-27:18
23            <action android:name="android.media.browse.MediaBrowserService" />
23-->src/main/AndroidManifest.xml:29:17-83
23-->src/main/AndroidManifest.xml:29:25-80
24        </intent>
25        <intent>
25-->[androidx.media2:media2-session:1.1.3] AndroidManifest.xml:28:9-30:18
26            <action android:name="androidx.media2.session.MediaSessionService" />
26-->[androidx.media2:media2-session:1.1.3] AndroidManifest.xml:29:13-82
26-->[androidx.media2:media2-session:1.1.3] AndroidManifest.xml:29:21-79
27        </intent>
28        <intent>
28-->[androidx.media2:media2-session:1.1.3] AndroidManifest.xml:31:9-33:18
29            <action android:name="androidx.media2.session.MediaLibraryService" />
29-->[androidx.media2:media2-session:1.1.3] AndroidManifest.xml:32:13-82
29-->[androidx.media2:media2-session:1.1.3] AndroidManifest.xml:32:21-79
30        </intent>
31    </queries>
32
33    <uses-permission android:name="android.permission.ACCESS_NETWORK_STATE" />
33-->[com.google.android.exoplayer:exoplayer-core:2.15.0] AndroidManifest.xml:24:5-79
33-->[com.google.android.exoplayer:exoplayer-core:2.15.0] AndroidManifest.xml:24:22-76
34
35    <application
35-->src/main/AndroidManifest.xml:9:5-43:19
36        android:appComponentFactory="androidx.core.app.CoreComponentFactory"
36-->[androidx.core:core:1.6.0] AndroidManifest.xml:24:18-86
37        android:debuggable="true"
38        android:icon="@mipmap/ic_launcher"
38-->src/main/AndroidManifest.xml:11:9-43
39        android:label="Audio Service Demo" >
39-->src/main/AndroidManifest.xml:10:9-43
40        <activity
40-->src/main/AndroidManifest.xml:12:9-25:20
41            android:name="com.ryanheise.audioservice.AudioServiceActivity"
41-->src/main/AndroidManifest.xml:13:13-75
42            android:configChanges="orientation|keyboardHidden|keyboard|screenSize|locale|layoutDirection|fontScale|screenLayout|density"
42-->src/main/AndroidManifest.xml:16:13-137
43            android:exported="true"
43-->src/main/AndroidManifest.xml:19:13-36
44            android:hardwareAccelerated="true"
44-->src/main/AndroidManifest.xml:17:13-47
45            android:launchMode="singleTop"
45-->src/main/AndroidManifest.xml:14:13-43
46            android:theme="@style/LaunchTheme"
46-->src/main/AndroidManifest.xml:15:13-47
47            android:windowSoftInputMode="adjustResize" >
47-->src/main/AndroidManifest.xml:18:13-55
48            <intent-filter>
48-->src/main/AndroidManifest.xml:21:13-24:29
49                <action android:name="android.intent.action.MAIN" />
49-->src/main/AndroidManifest.xml:22:17-68
49-->src/main/AndroidManifest.xml:22:25-66
50
51                <category android:name="android.intent.category.LAUNCHER" />
51-->src/main/AndroidManifest.xml:23:17-76
51-->src/main/AndroidManifest.xml:23:27-74
52            </intent-filter>
53        </activity>
54
55        <service
55-->src/main/AndroidManifest.xml:27:9-31:19
56            android:name="com.ryanheise.audioservice.AudioService"
56-->src/main/AndroidManifest.xml:27:18-72
57            android:exported="true" >
57-->src/main/AndroidManifest.xml:27:73-96
58            <intent-filter>
58-->src/main/AndroidManifest.xml:28:13-30:29
59                <action android:name="android.media.browse.MediaBrowserService" />
59-->src/main/AndroidManifest.xml:29:17-83
59-->src/main/AndroidManifest.xml:29:25-80
60            </intent-filter>
61        </service>
62
63        <receiver
63-->src/main/AndroidManifest.xml:33:9-37:20
64            android:name="com.ryanheise.audioservice.MediaButtonReceiver"
64-->src/main/AndroidManifest.xml:33:19-80
65            android:exported="true" >
65-->src/main/AndroidManifest.xml:33:81-104
66            <intent-filter>
66-->src/main/AndroidManifest.xml:34:13-36:29
67                <action android:name="android.intent.action.MEDIA_BUTTON" />
67-->src/main/AndroidManifest.xml:35:17-77
67-->src/main/AndroidManifest.xml:35:25-74
68            </intent-filter>
69        </receiver>
70
71        <meta-data
71-->src/main/AndroidManifest.xml:39:9-41:33
72            android:name="flutterEmbedding"
72-->src/main/AndroidManifest.xml:40:13-44
73            android:value="2" />
73-->src/main/AndroidManifest.xml:41:13-30
74
75        <uses-library
75-->[androidx.window:window:1.0.0-beta04] AndroidManifest.xml:25:9-27:40
76            android:name="androidx.window.extensions"
76-->[androidx.window:window:1.0.0-beta04] AndroidManifest.xml:26:13-54
77            android:required="false" />
77-->[androidx.window:window:1.0.0-beta04] AndroidManifest.xml:27:13-37
78        <uses-library
78-->[androidx.window:window:1.0.0-beta04] AndroidManifest.xml:28:9-30:40
79            android:name="androidx.window.sidecar"
79-->[androidx.window:window:1.0.0-beta04] AndroidManifest.xml:29:13-51
80            android:required="false" />
80-->[androidx.window:window:1.0.0-beta04] AndroidManifest.xml:30:13-37
81    </application>
82
83</manifest>